<?xml version="1.0" encoding="UTF-8"?>
<testsuite xmlns:xsi="http://www.w3.org/2001/XMLSchema-instance" xsi:schemaLocation="https://maven.apache.org/surefire/maven-surefire-plugin/xsd/surefire-test-report.xsd" name="CucumberRunner" time="38.515" tests="25" errors="0" skipped="0" failures="0">
  <properties>
[...]
</properties>
  <testcase name="Когда Выбрали калькулятор для сервиса -  &quot;Вклады&quot;" classname="Сценарий: вклады в рублях" time="0.001"/>
  <testcase name="Тогда Заголовок страницы равен - &quot;Рассчитайте доходность по вкладу&quot;" classname="Сценарий: вклады в рублях" time="0"/>
  <testcase name="Когда выбрали валюту -  &quot;Рубли&quot;" classname="Сценарий: вклады в рублях" time="0"/>
  <testcase name="Когда выбрали опцию -  &quot;Сумма&quot; и значение - &quot;2000000&quot;" classname="Сценарий: вклады в рублях" time="0"/>
  <testcase name="Когда установили срок на - &quot;6&quot; месяцев" classname="Сценарий: вклады в рублях" time="0"/>
  <testcase name="Когда выбрали опцию -  &quot;Ежемесячное пополнение&quot; и значение - &quot;30000&quot;" classname="Сценарий: вклады в рублях" time="0"/>
  <testcase name="Когда установили чекбокс -  &quot;Ежемесячная капитализация&quot;" classname="Сценарий: вклады в рублях" time="0"/>
  <testcase name="Когда установили чекбокс -  &quot;Частичное снятие&quot;" classname="Сценарий: вклады в рублях" time="0"/>
  <testcase name="Тогда проверили ставку - &quot;6.25%&quot;" classname="Сценарий: вклады в рублях" time="0"/>
  <testcase name="Тогда проверили начисление -  &quot;65 132,87&quot;" classname="Сценарий: вклады в рублях" time="0"/>
  <testcase name="Тогда проверили пополнение -  &quot;150 000&quot;" classname="Сценарий: вклады в рублях" time="0"/>
  <testcase name="Тогда проверили результат к снятию - &quot;2 215 132,87&quot;" classname="Сценарий: вклады в рублях" time="0"/>
  <testcase name="Сценарий: вклады в рублях" classname="Сценарий: вклады в рублях" time="1.059"/>
  <testcase name="Когда Выбрали калькулятор для сервиса -  &quot;Вклады&quot;" classname="Сценарий: вклады в долларах" time="0"/>
  <testcase name="Тогда Заголовок страницы равен - &quot;Рассчитайте доходность по вкладу&quot;" classname="Сценарий: вклады в долларах" time="0"/>
  <testcase name="Когда выбрали валюту -  &quot;Доллары США&quot;" classname="Сценарий: вклады в долларах" time="0"/>
  <testcase name="Когда выбрали опцию -  &quot;Сумма&quot; и значение - &quot;50000&quot;" classname="Сценарий: вклады в долларах" time="0"/>
  <testcase name="Когда установили срок на - &quot;9&quot; месяцев" classname="Сценарий: вклады в долларах" time="0"/>
  <testcase name="Когда выбрали опцию -  &quot;Ежемесячное пополнение&quot; и значение - &quot;1000&quot;" classname="Сценарий: вклады в долларах" time="0"/>
  <testcase name="Когда установили чекбокс -  &quot;Ежемесячная капитализация&quot;" classname="Сценарий: вклады в долларах" time="0"/>
  <testcase name="Тогда проверили ставку - &quot;0.75%&quot;" classname="Сценарий: вклады в долларах" time="0"/>
  <testcase name="Тогда проверили начисление -  &quot;301,42&quot;" classname="Сценарий: вклады в долларах" time="0"/>
  <testcase name="Тогда проверили пополнение -  &quot;8 000&quot;" classname="Сценарий: вклады в долларах" time="0"/>
  <testcase name="Тогда проверили результат к снятию - &quot;58 301,42&quot;" classname="Сценарий: вклады в долларах" time="0"/>
  <testcase name="Сценарий: вклады в долларах" classname="Сценарий: вклады в долларах" time="0.661"/>
</testsuite>